<?xml version="1.0" encoding="UTF-8"?>
<!-- Generated by org.testng.reporters.JUnitXMLReporter -->
<testsuite hostname="LAPTOP-BM1R766C" ignored="0" name="ChromTesting" tests="1" failures="1" timestamp="10 Nov 2019 14:33:47 GMT" time="53.501" errors="0">
  <testcase name="testCase" time="14.459" classname="com.axisBank.test.AxisBank_TestCase">
    <failure type="java.io.FileNotFoundException" message=" (Result too large)">
      <![CDATA[java.io.FileNotFoundException:  (Result too large)
at java.io.FileInputStream.open0(Native Method)
at java.io.FileInputStream.open(Unknown Source)
at java.io.FileInputStream.<init>(Unknown Source)
at com.axisBank.pages.utilities.ExcelUtilities.getCellData(ExcelUtilities.java:27)
at com.axisBank.test.AxisBank_TestCase.testCase(AxisBank_TestCase.java:57)
... Removed 25 stack frames]]>
    </failure>
  </testcase> <!-- testCase -->
</testsuite> <!-- ChromTesting -->
